<?xml version="1.0" encoding="UTF-8"?>
<testsuite xmlns:xsi="http://www.w3.org/2001/XMLSchema-instance" xsi:noNamespaceSchemaLocation="https://maven.apache.org/surefire/maven-surefire-plugin/xsd/surefire-test-report-3.0.xsd" version="3.0" name="com.ecommerce.SecurityRoleIntegrationTest" time="1.415" tests="7" errors="0" skipped="0" failures="0">
  <properties>
[...]
</properties>
  <testcase name="testProtectedClientEndpointsAccess_AsAnonymous" classname="com.ecommerce.SecurityRoleIntegrationTest" time="0.25">
    <system-out><![CDATA[2026-07-03T02:39:06.820-05:00 DEBUG 9644 --- [ecommerce-backend] [           main] .b.t.c.SpringBootTestContextBootstrapper : Neither @ContextConfiguration nor @ContextHierarchy found for test class [SecurityRoleIntegrationTest]: using SpringBootContextLoader
2026-07-03T02:39:06.821-05:00  INFO 9644 --- [ecommerce-backend] [           main] t.c.s.AnnotationConfigContextLoaderUtils : Could not detect default configuration classes for test class [com.ecommerce.SecurityRoleIntegrationTest]: SecurityRoleIntegrationTest does not declare any static, non-private, non-final, nested classes annotated with @Configuration.
2026-07-03T02:39:06.822-05:00 DEBUG 9644 --- [ecommerce-backend] [           main] .b.t.c.SpringBootTestContextBootstrapper : Using ContextCustomizerFactory implementations for test class [SecurityRoleIntegrationTest]: [ImportsContextCustomizerFactory, ExcludeFilterContextCustomizerFactory, HttpGraphQlTesterContextCustomizerFactory, DuplicateJsonObjectContextCustomizerFactory, MockitoContextCustomizerFactory, TestRestTemplateContextCustomizerFactory, WebTestClientContextCustomizerFactory, OverrideAutoConfigurationContextCustomizerFactory, ObservabilityContextCustomizerFactory, TypeExcludeFiltersContextCustomizerFactory, PropertyMappingContextCustomizerFactory, WebDriverContextCustomizerFactory, MockServerContainerContextCustomizerFactory, DynamicPropertiesContextCustomizerFactory]
2026-07-03T02:39:06.824-05:00 DEBUG 9644 --- [ecommerce-backend] [           main] .b.t.c.SpringBootTestContextBootstrapper : Using ContextCustomizers for test class [SecurityRoleIntegrationTest]: [ImportsContextCustomizer, ExcludeFilterContextCustomizer, DuplicateJsonObjectContextCustomizer, MockitoContextCustomizer, TestRestTemplateContextCustomizer, WebTestClientContextCustomizer, DisableObservabilityContextCustomizer, PropertyMappingContextCustomizer, WebDriverContextCustomizer]
2026-07-03T02:39:06.825-05:00  INFO 9644 --- [ecommerce-backend] [           main] .b.t.c.SpringBootTestContextBootstrapper : Found @SpringBootConfiguration com.ecommerce.EcommerceApplication for test class com.ecommerce.SecurityRoleIntegrationTest
2026-07-03T02:39:06.826-05:00 DEBUG 9644 --- [ecommerce-backend] [           main] .b.t.c.SpringBootTestContextBootstrapper : Using TestExecutionListeners for test class [SecurityRoleIntegrationTest]: [ServletTestExecutionListener, DirtiesContextBeforeModesTestExecutionListener, ApplicationEventsTestExecutionListener, MockitoTestExecutionListener, DependencyInjectionTestExecutionListener, DirtiesContextTestExecutionListener, TransactionalTestExecutionListener, SqlScriptsTestExecutionListener, EventPublishingTestExecutionListener, WithSecurityContextTestExecutionListener, ReactorContextTestExecutionListener, ResetMocksTestExecutionListener, RestDocsTestExecutionListener, MockRestServiceServerResetTestExecutionListener, MockMvcPrintOnlyOnFailureTestExecutionListener, WebDriverTestExecutionListener, MockWebServiceServerTestExecutionListener]
2026-07-03T02:39:06.833-05:00 DEBUG 9644 --- [ecommerce-backend] [           main] o.s.jdbc.core.JdbcTemplate               : Executing SQL statement [TRUNCATE TABLE users, products, categories, audit_logs CASCADE;]
2026-07-03T02:39:07.072-05:00 DEBUG 9644 --- [ecommerce-backend] [           main] o.s.jdbc.core.JdbcTemplate               : SQLWarning ignored: SQL state '00000', error code '0', message [truncando además la tabla «user_roles»]
2026-07-03T02:39:07.072-05:00 DEBUG 9644 --- [ecommerce-backend] [           main] o.s.jdbc.core.JdbcTemplate               : SQLWarning ignored: SQL state '00000', error code '0', message [truncando además la tabla «refresh_tokens»]
2026-07-03T02:39:07.072-05:00 DEBUG 9644 --- [ecommerce-backend] [           main] o.s.jdbc.core.JdbcTemplate               : SQLWarning ignored: SQL state '00000', error code '0', message [truncando además la tabla «password_reset_tokens»]
2026-07-03T02:39:07.072-05:00 DEBUG 9644 --- [ecommerce-backend] [           main] o.s.jdbc.core.JdbcTemplate               : SQLWarning ignored: SQL state '00000', error code '0', message [truncando además la tabla «addresses»]
2026-07-03T02:39:07.072-05:00 DEBUG 9644 --- [ecommerce-backend] [           main] o.s.jdbc.core.JdbcTemplate               : SQLWarning ignored: SQL state '00000', error code '0', message [truncando además la tabla «product_categories»]
2026-07-03T02:39:07.072-05:00 DEBUG 9644 --- [ecommerce-backend] [           main] o.s.jdbc.core.JdbcTemplate               : SQLWarning ignored: SQL state '00000', error code '0', message [truncando además la tabla «product_images»]
2026-07-03T02:39:07.072-05:00 DEBUG 9644 --- [ecommerce-backend] [           main] o.s.jdbc.core.JdbcTemplate               : SQLWarning ignored: SQL state '00000', error code '0', message [truncando además la tabla «product_prices»]
2026-07-03T02:39:07.072-05:00 DEBUG 9644 --- [ecommerce-backend] [           main] o.s.jdbc.core.JdbcTemplate               : SQLWarning ignored: SQL state '00000', error code '0', message [truncando además la tabla «inventory»]
2026-07-03T02:39:07.072-05:00 DEBUG 9644 --- [ecommerce-backend] [           main] o.s.jdbc.core.JdbcTemplate               : SQLWarning ignored: SQL state '00000', error code '0', message [truncando además la tabla «carts»]
2026-07-03T02:39:07.072-05:00 DEBUG 9644 --- [ecommerce-backend] [           main] o.s.jdbc.core.JdbcTemplate               : SQLWarning ignored: SQL state '00000', error code '0', message [truncando además la tabla «cart_items»]
2026-07-03T02:39:07.072-05:00 DEBUG 9644 --- [ecommerce-backend] [           main] o.s.jdbc.core.JdbcTemplate               : SQLWarning ignored: SQL state '00000', error code '0', message [truncando además la tabla «orders»]
2026-07-03T02:39:07.072-05:00 DEBUG 9644 --- [ecommerce-backend] [           main] o.s.jdbc.core.JdbcTemplate               : SQLWarning ignored: SQL state '00000', error code '0', message [truncando además la tabla «order_items»]
2026-07-03T02:39:07.073-05:00 DEBUG 9644 --- [ecommerce-backend] [           main] o.s.jdbc.core.JdbcTemplate               : SQLWarning ignored: SQL state '00000', error code '0', message [truncando además la tabla «order_status_history»]
2026-07-03T02:39:07.073-05:00 DEBUG 9644 --- [ecommerce-backend] [           main] o.s.jdbc.core.JdbcTemplate               : SQLWarning ignored: SQL state '00000', error code '0', message [truncando además la tabla «coupon_redemptions»]
2026-07-03T02:39:07.073-05:00 DEBUG 9644 --- [ecommerce-backend] [           main] o.s.jdbc.core.JdbcTemplate               : SQLWarning ignored: SQL state '00000', error code '0', message [truncando además la tabla «wishlists»]
2026-07-03T02:39:07.073-05:00 DEBUG 9644 --- [ecommerce-backend] [           main] o.s.jdbc.core.JdbcTemplate               : SQLWarning ignored: SQL state '00000', error code '0', message [truncando además la tabla «wishlist_items»]
2026-07-03T02:39:07.073-05:00 DEBUG 9644 --- [ecommerce-backend] [           main] o.s.jdbc.core.JdbcTemplate               : SQLWarning ignored: SQL state '00000', error code '0', message [truncando además la tabla «notifications»]
2026-07-03T02:39:07.073-05:00 DEBUG 9644 --- [ecommerce-backend] [           main] o.s.jdbc.core.JdbcTemplate               : SQLWarning ignored: SQL state '00000', error code '0', message [truncando además la tabla «order_shipping_address»]
2026-07-03T02:39:07.073-05:00 DEBUG 9644 --- [ecommerce-backend] [           main] o.s.jdbc.core.JdbcTemplate               : SQLWarning ignored: SQL state '00000', error code '0', message [truncando además la tabla «payments»]
2026-07-03T02:39:07.073-05:00 DEBUG 9644 --- [ecommerce-backend] [           main] o.s.jdbc.core.JdbcTemplate               : SQLWarning ignored: SQL state '00000', error code '0', message [truncando además la tabla «shipments»]
2026-07-03T02:39:07.073-05:00 DEBUG 9644 --- [ecommerce-backend] [           main] o.s.jdbc.core.JdbcTemplate               : SQLWarning ignored: SQL state '00000', error code '0', message [truncando además la tabla «shipment_tracking»]
2026-07-03T02:39:07.074-05:00 DEBUG 9644 --- [ecommerce-backend] [           main] org.hibernate.SQL                        : 
    select
        r1_0.id,
        r1_0.name 
    from
        roles r1_0 
    where
        r1_0.name=?
2026-07-03T02:39:07.075-05:00 DEBUG 9644 --- [ecommerce-backend] [           main] org.hibernate.SQL                        : 
    select
        r1_0.id,
        r1_0.name 
    from
        roles r1_0 
    where
        r1_0.name=?
]]></system-out>
  </testcase>
  <testcase name="testClientEndpointsAccess_AsAdmin" classname="com.ecommerce.SecurityRoleIntegrationTest" time="0.205">
    <system-out><![CDATA[2026-07-03T02:39:07.086-05:00 DEBUG 9644 --- [ecommerce-backend] [           main] o.s.jdbc.core.JdbcTemplate               : Executing SQL statement [TRUNCATE TABLE users, products, categories, audit_logs CASCADE;]
2026-07-03T02:39:07.253-05:00 DEBUG 9644 --- [ecommerce-backend] [           main] o.s.jdbc.core.JdbcTemplate               : SQLWarning ignored: SQL state '00000', error code '0', message [truncando además la tabla «user_roles»]
2026-07-03T02:39:07.253-05:00 DEBUG 9644 --- [ecommerce-backend] [           main] o.s.jdbc.core.JdbcTemplate               : SQLWarning ignored: SQL state '00000', error code '0', message [truncando además la tabla «refresh_tokens»]
2026-07-03T02:39:07.253-05:00 DEBUG 9644 --- [ecommerce-backend] [           main] o.s.jdbc.core.JdbcTemplate               : SQLWarning ignored: SQL state '00000', error code '0', message [truncando además la tabla «password_reset_tokens»]
2026-07-03T02:39:07.253-05:00 DEBUG 9644 --- [ecommerce-backend] [           main] o.s.jdbc.core.JdbcTemplate               : SQLWarning ignored: SQL state '00000', error code '0', message [truncando además la tabla «addresses»]
2026-07-03T02:39:07.253-05:00 DEBUG 9644 --- [ecommerce-backend] [           main] o.s.jdbc.core.JdbcTemplate               : SQLWarning ignored: SQL state '00000', error code '0', message [truncando además la tabla «product_categories»]
2026-07-03T02:39:07.253-05:00 DEBUG 9644 --- [ecommerce-backend] [           main] o.s.jdbc.core.JdbcTemplate               : SQLWarning ignored: SQL state '00000', error code '0', message [truncando además la tabla «product_images»]
2026-07-03T02:39:07.253-05:00 DEBUG 9644 --- [ecommerce-backend] [           main] o.s.jdbc.core.JdbcTemplate               : SQLWarning ignored: SQL state '00000', error code '0', message [truncando además la tabla «product_prices»]
2026-07-03T02:39:07.253-05:00 DEBUG 9644 --- [ecommerce-backend] [           main] o.s.jdbc.core.JdbcTemplate               : SQLWarning ignored: SQL state '00000', error code '0', message [truncando además la tabla «inventory»]
2026-07-03T02:39:07.253-05:00 DEBUG 9644 --- [ecommerce-backend] [           main] o.s.jdbc.core.JdbcTemplate               : SQLWarning ignored: SQL state '00000', error code '0', message [truncando además la tabla «carts»]
2026-07-03T02:39:07.253-05:00 DEBUG 9644 --- [ecommerce-backend] [           main] o.s.jdbc.core.JdbcTemplate               : SQLWarning ignored: SQL state '00000', error code '0', message [truncando además la tabla «cart_items»]
2026-07-03T02:39:07.253-05:00 DEBUG 9644 --- [ecommerce-backend] [           main] o.s.jdbc.core.JdbcTemplate               : SQLWarning ignored: SQL state '00000', error code '0', message [truncando además la tabla «orders»]
2026-07-03T02:39:07.253-05:00 DEBUG 9644 --- [ecommerce-backend] [           main] o.s.jdbc.core.JdbcTemplate               : SQLWarning ignored: SQL state '00000', error code '0', message [truncando además la tabla «order_items»]
2026-07-03T02:39:07.253-05:00 DEBUG 9644 --- [ecommerce-backend] [           main] o.s.jdbc.core.JdbcTemplate               : SQLWarning ignored: SQL state '00000', error code '0', message [truncando además la tabla «order_status_history»]
2026-07-03T02:39:07.253-05:00 DEBUG 9644 --- [ecommerce-backend] [           main] o.s.jdbc.core.JdbcTemplate               : SQLWarning ignored: SQL state '00000', error code '0', message [truncando además la tabla «coupon_redemptions»]
2026-07-03T02:39:07.253-05:00 DEBUG 9644 --- [ecommerce-backend] [           main] o.s.jdbc.core.JdbcTemplate               : SQLWarning ignored: SQL state '00000', error code '0', message [truncando además la tabla «wishlists»]
2026-07-03T02:39:07.253-05:00 DEBUG 9644 --- [ecommerce-backend] [           main] o.s.jdbc.core.JdbcTemplate               : SQLWarning ignored: SQL state '00000', error code '0', message [truncando además la tabla «wishlist_items»]
2026-07-03T02:39:07.253-05:00 DEBUG 9644 --- [ecommerce-backend] [           main] o.s.jdbc.core.JdbcTemplate               : SQLWarning ignored: SQL state '00000', error code '0', message [truncando además la tabla «notifications»]
2026-07-03T02:39:07.253-05:00 DEBUG 9644 --- [ecommerce-backend] [           main] o.s.jdbc.core.JdbcTemplate               : SQLWarning ignored: SQL state '00000', error code '0', message [truncando además la tabla «order_shipping_address»]
2026-07-03T02:39:07.253-05:00 DEBUG 9644 --- [ecommerce-backend] [           main] o.s.jdbc.core.JdbcTemplate               : SQLWarning ignored: SQL state '00000', error code '0', message [truncando además la tabla «payments»]
2026-07-03T02:39:07.253-05:00 DEBUG 9644 --- [ecommerce-backend] [           main] o.s.jdbc.core.JdbcTemplate               : SQLWarning ignored: SQL state '00000', error code '0', message [truncando además la tabla «shipments»]
2026-07-03T02:39:07.254-05:00 DEBUG 9644 --- [ecommerce-backend] [           main] o.s.jdbc.core.JdbcTemplate               : SQLWarning ignored: SQL state '00000', error code '0', message [truncando además la tabla «shipment_tracking»]
2026-07-03T02:39:07.255-05:00 DEBUG 9644 --- [ecommerce-backend] [           main] org.hibernate.SQL                        : 
    select
        r1_0.id,
        r1_0.name 
    from
        roles r1_0 
    where
        r1_0.name=?
2026-07-03T02:39:07.256-05:00 DEBUG 9644 --- [ecommerce-backend] [           main] org.hibernate.SQL                        : 
    select
        r1_0.id,
        r1_0.name 
    from
        roles r1_0 
    where
        r1_0.name=?
2026-07-03T02:39:07.258-05:00 DEBUG 9644 --- [ecommerce-backend] [           main] org.hibernate.SQL                        : 
    select
        r1_0.id,
        r1_0.name 
    from
        roles r1_0 
    where
        r1_0.name=?
2026-07-03T02:39:07.259-05:00 DEBUG 9644 --- [ecommerce-backend] [           main] org.hibernate.SQL                        : 
    insert 
    into
        users
        (active, created_at, deleted_at, email, first_name, last_name, password_hash, phone, updated_at) 
    values
        (?, ?, ?, ?, ?, ?, ?, ?, ?) 
    returning id
2026-07-03T02:39:07.264-05:00 DEBUG 9644 --- [ecommerce-backend] [           main] org.hibernate.SQL                        : 
    insert 
    into
        user_roles
        (user_id, role_id) 
    values
        (?, ?)
2026-07-03T02:39:07.271-05:00 DEBUG 9644 --- [ecommerce-backend] [           main] s.w.s.m.m.a.RequestMappingHandlerMapping : Mapped to com.ecommerce.cart.controller.CartController#getCart(User)
2026-07-03T02:39:07.276-05:00 DEBUG 9644 --- [ecommerce-backend] [           main] org.hibernate.SQL                        : 
    select
        c1_0.id,
        c1_0.created_at,
        c1_0.updated_at,
        c1_0.user_id 
    from
        carts c1_0 
    where
        c1_0.user_id=?
2026-07-03T02:39:07.279-05:00 DEBUG 9644 --- [ecommerce-backend] [           main] org.hibernate.SQL                        : 
    insert 
    into
        carts
        (created_at, updated_at, user_id) 
    values
        (?, ?, ?) 
    returning id
2026-07-03T02:39:07.283-05:00 DEBUG 9644 --- [ecommerce-backend] [           main] o.s.w.s.m.m.a.HttpEntityMethodProcessor  : Using 'application/json', given [*/*] and supported [application/json, application/*+json]
2026-07-03T02:39:07.284-05:00 DEBUG 9644 --- [ecommerce-backend] [           main] o.s.w.s.m.m.a.HttpEntityMethodProcessor  : Writing [ApiResponse(success=true, message=null, data=CartResponse(id=15, items=[], total=0), errors=null, ti (truncated)...]
]]></system-out>
  </testcase>
  <testcase name="testPublicEndpointsAccess_AsAnonymous" classname="com.ecommerce.SecurityRoleIntegrationTest" time="0.172">
    <system-out><![CDATA[2026-07-03T02:39:07.291-05:00 DEBUG 9644 --- [ecommerce-backend] [           main] o.s.jdbc.core.JdbcTemplate               : Executing SQL statement [TRUNCATE TABLE users, products, categories, audit_logs CASCADE;]
2026-07-03T02:39:07.420-05:00 DEBUG 9644 --- [ecommerce-backend] [           main] o.s.jdbc.core.JdbcTemplate               : SQLWarning ignored: SQL state '00000', error code '0', message [truncando además la tabla «user_roles»]
2026-07-03T02:39:07.420-05:00 DEBUG 9644 --- [ecommerce-backend] [           main] o.s.jdbc.core.JdbcTemplate               : SQLWarning ignored: SQL state '00000', error code '0', message [truncando además la tabla «refresh_tokens»]
2026-07-03T02:39:07.420-05:00 DEBUG 9644 --- [ecommerce-backend] [           main] o.s.jdbc.core.JdbcTemplate               : SQLWarning ignored: SQL state '00000', error code '0', message [truncando además la tabla «password_reset_tokens»]
2026-07-03T02:39:07.420-05:00 DEBUG 9644 --- [ecommerce-backend] [           main] o.s.jdbc.core.JdbcTemplate               : SQLWarning ignored: SQL state '00000', error code '0', message [truncando además la tabla «addresses»]
2026-07-03T02:39:07.420-05:00 DEBUG 9644 --- [ecommerce-backend] [           main] o.s.jdbc.core.JdbcTemplate               : SQLWarning ignored: SQL state '00000', error code '0', message [truncando además la tabla «product_categories»]
2026-07-03T02:39:07.420-05:00 DEBUG 9644 --- [ecommerce-backend] [           main] o.s.jdbc.core.JdbcTemplate               : SQLWarning ignored: SQL state '00000', error code '0', message [truncando además la tabla «product_images»]
2026-07-03T02:39:07.420-05:00 DEBUG 9644 --- [ecommerce-backend] [           main] o.s.jdbc.core.JdbcTemplate               : SQLWarning ignored: SQL state '00000', error code '0', message [truncando además la tabla «product_prices»]
2026-07-03T02:39:07.420-05:00 DEBUG 9644 --- [ecommerce-backend] [           main] o.s.jdbc.core.JdbcTemplate               : SQLWarning ignored: SQL state '00000', error code '0', message [truncando además la tabla «inventory»]
2026-07-03T02:39:07.420-05:00 DEBUG 9644 --- [ecommerce-backend] [           main] o.s.jdbc.core.JdbcTemplate               : SQLWarning ignored: SQL state '00000', error code '0', message [truncando además la tabla «carts»]
2026-07-03T02:39:07.420-05:00 DEBUG 9644 --- [ecommerce-backend] [           main] o.s.jdbc.core.JdbcTemplate               : SQLWarning ignored: SQL state '00000', error code '0', message [truncando además la tabla «cart_items»]
2026-07-03T02:39:07.420-05:00 DEBUG 9644 --- [ecommerce-backend] [           main] o.s.jdbc.core.JdbcTemplate               : SQLWarning ignored: SQL state '00000', error code '0', message [truncando además la tabla «orders»]
2026-07-03T02:39:07.420-05:00 DEBUG 9644 --- [ecommerce-backend] [           main] o.s.jdbc.core.JdbcTemplate               : SQLWarning ignored: SQL state '00000', error code '0', message [truncando además la tabla «order_items»]
2026-07-03T02:39:07.420-05:00 DEBUG 9644 --- [ecommerce-backend] [           main] o.s.jdbc.core.JdbcTemplate               : SQLWarning ignored: SQL state '00000', error code '0', message [truncando además la tabla «order_status_history»]
2026-07-03T02:39:07.420-05:00 DEBUG 9644 --- [ecommerce-backend] [           main] o.s.jdbc.core.JdbcTemplate               : SQLWarning ignored: SQL state '00000', error code '0', message [truncando además la tabla «coupon_redemptions»]
2026-07-03T02:39:07.420-05:00 DEBUG 9644 --- [ecommerce-backend] [           main] o.s.jdbc.core.JdbcTemplate               : SQLWarning ignored: SQL state '00000', error code '0', message [truncando además la tabla «wishlists»]
2026-07-03T02:39:07.420-05:00 DEBUG 9644 --- [ecommerce-backend] [           main] o.s.jdbc.core.JdbcTemplate               : SQLWarning ignored: SQL state '00000', error code '0', message [truncando además la tabla «wishlist_items»]
2026-07-03T02:39:07.420-05:00 DEBUG 9644 --- [ecommerce-backend] [           main] o.s.jdbc.core.JdbcTemplate               : SQLWarning ignored: SQL state '00000', error code '0', message [truncando además la tabla «notifications»]
2026-07-03T02:39:07.420-05:00 DEBUG 9644 --- [ecommerce-backend] [           main] o.s.jdbc.core.JdbcTemplate               : SQLWarning ignored: SQL state '00000', error code '0', message [truncando además la tabla «order_shipping_address»]
2026-07-03T02:39:07.420-05:00 DEBUG 9644 --- [ecommerce-backend] [           main] o.s.jdbc.core.JdbcTemplate               : SQLWarning ignored: SQL state '00000', error code '0', message [truncando además la tabla «payments»]
2026-07-03T02:39:07.420-05:00 DEBUG 9644 --- [ecommerce-backend] [           main] o.s.jdbc.core.JdbcTemplate               : SQLWarning ignored: SQL state '00000', error code '0', message [truncando además la tabla «shipments»]
2026-07-03T02:39:07.420-05:00 DEBUG 9644 --- [ecommerce-backend] [           main] o.s.jdbc.core.JdbcTemplate               : SQLWarning ignored: SQL state '00000', error code '0', message [truncando además la tabla «shipment_tracking»]
2026-07-03T02:39:07.421-05:00 DEBUG 9644 --- [ecommerce-backend] [           main] org.hibernate.SQL                        : 
    select
        r1_0.id,
        r1_0.name 
    from
        roles r1_0 
    where
        r1_0.name=?
2026-07-03T02:39:07.423-05:00 DEBUG 9644 --- [ecommerce-backend] [           main] org.hibernate.SQL                        : 
    select
        r1_0.id,
        r1_0.name 
    from
        roles r1_0 
    where
        r1_0.name=?
2026-07-03T02:39:07.424-05:00 DEBUG 9644 --- [ecommerce-backend] [           main] s.w.s.m.m.a.RequestMappingHandlerMapping : Mapped to com.ecommerce.catalog.controller.ProductController#list(Integer, String, int, int)
2026-07-03T02:39:07.425-05:00 DEBUG 9644 --- [ecommerce-backend] [           main] org.hibernate.SQL                        : 
    select
        p1_0.id,
        p1_0.active,
        p1_0.created_at,
        p1_0.deleted_at,
        p1_0.description,
        p1_0.height,
        p1_0.length,
        p1_0.meta_description,
        p1_0.meta_title,
        p1_0.name,
        p1_0.sku,
        p1_0.slug,
        p1_0.updated_at,
        p1_0.weight,
        p1_0.width 
    from
        products p1_0 
    join
        product_categories c1_0 
            on p1_0.id=c1_0.product_id 
    where
        (
            p1_0.deleted_at IS NULL
        ) 
        and (
            ? is null 
            or c1_0.category_id=?
        ) 
        and (
            cast(? as text) is null 
            or lower(p1_0.name) like ? escape ''
        ) 
        and p1_0.active=true 
    order by
        p1_0.created_at desc 
    offset
        ? rows 
    fetch
        first ? rows only
2026-07-03T02:39:07.430-05:00 DEBUG 9644 --- [ecommerce-backend] [           main] o.s.w.s.m.m.a.HttpEntityMethodProcessor  : Using 'application/json', given [*/*] and supported [application/json, application/*+json]
2026-07-03T02:39:07.430-05:00 DEBUG 9644 --- [ecommerce-backend] [           main] o.s.w.s.m.m.a.HttpEntityMethodProcessor  : Writing [ApiResponse(success=true, message=null, data=Page 1 of 0 containing UNKNOWN instances, errors=null,  (truncated)...]
2026-07-03T02:39:07.432-05:00 DEBUG 9644 --- [ecommerce-backend] [           main] s.w.s.m.m.a.RequestMappingHandlerMapping : Mapped to com.ecommerce.catalog.controller.CategoryController#getCategories()
2026-07-03T02:39:07.433-05:00 DEBUG 9644 --- [ecommerce-backend] [           main] org.hibernate.SQL                        : 
    select
        c1_0.id,
        c1_0.active,
        c1_0.description,
        c1_0.name,
        c1_0.parent_id,
        c1_0.slug 
    from
        categories c1_0 
    where
        c1_0.parent_id is null
2026-07-03T02:39:07.437-05:00 DEBUG 9644 --- [ecommerce-backend] [           main] o.s.w.s.m.m.a.HttpEntityMethodProcessor  : Using 'application/json', given [*/*] and supported [application/json, application/*+json]
2026-07-03T02:39:07.438-05:00 DEBUG 9644 --- [ecommerce-backend] [           main] o.s.w.s.m.m.a.HttpEntityMethodProcessor  : Writing [ApiResponse(success=true, message=null, data=[], errors=null, timestamp=2026-07-03T02:39:07.43756770 (truncated)...]
2026-07-03T02:39:07.439-05:00 DEBUG 9644 --- [ecommerce-backend] [           main] s.w.s.m.m.a.RequestMappingHandlerMapping : Mapped to com.ecommerce.shipping.controller.ShippingController#calculate(ShippingRateCalculateRequest)
2026-07-03T02:39:07.442-05:00 DEBUG 9644 --- [ecommerce-backend] [           main] m.m.a.RequestResponseBodyMethodProcessor : Read "application/json;charset=UTF-8" to [ShippingRateCalculateRequest(addressId=null)]
2026-07-03T02:39:07.457-05:00 DEBUG 9644 --- [ecommerce-backend] [           main] .m.m.a.ExceptionHandlerExceptionResolver : Using @ExceptionHandler com.ecommerce.shared.exception.GlobalExceptionHandler#handleValidation(MethodArgumentNotValidException)
2026-07-03T02:39:07.458-05:00 DEBUG 9644 --- [ecommerce-backend] [           main] o.s.w.s.m.m.a.HttpEntityMethodProcessor  : Using 'application/json', given [*/*] and supported [application/json, application/*+json]
2026-07-03T02:39:07.458-05:00 DEBUG 9644 --- [ecommerce-backend] [           main] o.s.w.s.m.m.a.HttpEntityMethodProcessor  : Writing [ApiResponse(success=false, message=Error de validación, data=null, errors=[addressId: must not be nu (truncated)...]
2026-07-03T02:39:07.459-05:00 DEBUG 9644 --- [ecommerce-backend] [           main] .m.m.a.ExceptionHandlerExceptionResolver : Resolved [org.springframework.web.bind.MethodArgumentNotValidException: Validation failed for argument [0] in public org.springframework.http.ResponseEntity<com.ecommerce.shared.response.ApiResponse<java.math.BigDecimal>> com.ecommerce.shipping.controller.ShippingController.calculate(com.ecommerce.shipping.dto.ShippingRateCalculateRequest): [Field error in object 'shippingRateCalculateRequest' on field 'addressId': rejected value [null]; codes [NotNull.shippingRateCalculateRequest.addressId,NotNull.addressId,NotNull.java.lang.Long,NotNull]; arguments [org.springframework.context.support.DefaultMessageSourceResolvable: codes [shippingRateCalculateRequest.addressId,addressId]; arguments []; default message [addressId]]; default message [must not be null]] ]
]]></system-out>
  </testcase>
  <testcase name="testAdminEndpointsAccess_AsClient" classname="com.ecommerce.SecurityRoleIntegrationTest" time="0.152">
    <system-out><![CDATA[2026-07-03T02:39:07.466-05:00 DEBUG 9644 --- [ecommerce-backend] [           main] o.s.jdbc.core.JdbcTemplate               : Executing SQL statement [TRUNCATE TABLE users, products, categories, audit_logs CASCADE;]
2026-07-03T02:39:07.596-05:00 DEBUG 9644 --- [ecommerce-backend] [           main] o.s.jdbc.core.JdbcTemplate               : SQLWarning ignored: SQL state '00000', error code '0', message [truncando además la tabla «user_roles»]
2026-07-03T02:39:07.596-05:00 DEBUG 9644 --- [ecommerce-backend] [           main] o.s.jdbc.core.JdbcTemplate               : SQLWarning ignored: SQL state '00000', error code '0', message [truncando además la tabla «refresh_tokens»]
2026-07-03T02:39:07.596-05:00 DEBUG 9644 --- [ecommerce-backend] [           main] o.s.jdbc.core.JdbcTemplate               : SQLWarning ignored: SQL state '00000', error code '0', message [truncando además la tabla «password_reset_tokens»]
2026-07-03T02:39:07.596-05:00 DEBUG 9644 --- [ecommerce-backend] [           main] o.s.jdbc.core.JdbcTemplate               : SQLWarning ignored: SQL state '00000', error code '0', message [truncando además la tabla «addresses»]
2026-07-03T02:39:07.596-05:00 DEBUG 9644 --- [ecommerce-backend] [           main] o.s.jdbc.core.JdbcTemplate               : SQLWarning ignored: SQL state '00000', error code '0', message [truncando además la tabla «product_categories»]
2026-07-03T02:39:07.596-05:00 DEBUG 9644 --- [ecommerce-backend] [           main] o.s.jdbc.core.JdbcTemplate               : SQLWarning ignored: SQL state '00000', error code '0', message [truncando además la tabla «product_images»]
2026-07-03T02:39:07.596-05:00 DEBUG 9644 --- [ecommerce-backend] [           main] o.s.jdbc.core.JdbcTemplate               : SQLWarning ignored: SQL state '00000', error code '0', message [truncando además la tabla «product_prices»]
2026-07-03T02:39:07.596-05:00 DEBUG 9644 --- [ecommerce-backend] [           main] o.s.jdbc.core.JdbcTemplate               : SQLWarning ignored: SQL state '00000', error code '0', message [truncando además la tabla «inventory»]
2026-07-03T02:39:07.596-05:00 DEBUG 9644 --- [ecommerce-backend] [           main] o.s.jdbc.core.JdbcTemplate               : SQLWarning ignored: SQL state '00000', error code '0', message [truncando además la tabla «carts»]
2026-07-03T02:39:07.596-05:00 DEBUG 9644 --- [ecommerce-backend] [           main] o.s.jdbc.core.JdbcTemplate               : SQLWarning ignored: SQL state '00000', error code '0', message [truncando además la tabla «cart_items»]
2026-07-03T02:39:07.596-05:00 DEBUG 9644 --- [ecommerce-backend] [           main] o.s.jdbc.core.JdbcTemplate               : SQLWarning ignored: SQL state '00000', error code '0', message [truncando además la tabla «orders»]
2026-07-03T02:39:07.596-05:00 DEBUG 9644 --- [ecommerce-backend] [           main] o.s.jdbc.core.JdbcTemplate               : SQLWarning ignored: SQL state '00000', error code '0', message [truncando además la tabla «order_items»]
2026-07-03T02:39:07.596-05:00 DEBUG 9644 --- [ecommerce-backend] [           main] o.s.jdbc.core.JdbcTemplate               : SQLWarning ignored: SQL state '00000', error code '0', message [truncando además la tabla «order_status_history»]
2026-07-03T02:39:07.596-05:00 DEBUG 9644 --- [ecommerce-backend] [           main] o.s.jdbc.core.JdbcTemplate               : SQLWarning ignored: SQL state '00000', error code '0', message [truncando además la tabla «coupon_redemptions»]
2026-07-03T02:39:07.596-05:00 DEBUG 9644 --- [ecommerce-backend] [           main] o.s.jdbc.core.JdbcTemplate               : SQLWarning ignored: SQL state '00000', error code '0', message [truncando además la tabla «wishlists»]
2026-07-03T02:39:07.596-05:00 DEBUG 9644 --- [ecommerce-backend] [           main] o.s.jdbc.core.JdbcTemplate               : SQLWarning ignored: SQL state '00000', error code '0', message [truncando además la tabla «wishlist_items»]
2026-07-03T02:39:07.596-05:00 DEBUG 9644 --- [ecommerce-backend] [           main] o.s.jdbc.core.JdbcTemplate               : SQLWarning ignored: SQL state '00000', error code '0', message [truncando además la tabla «notifications»]
2026-07-03T02:39:07.597-05:00 DEBUG 9644 --- [ecommerce-backend] [           main] o.s.jdbc.core.JdbcTemplate               : SQLWarning ignored: SQL state '00000', error code '0', message [truncando además la tabla «order_shipping_address»]
2026-07-03T02:39:07.597-05:00 DEBUG 9644 --- [ecommerce-backend] [           main] o.s.jdbc.core.JdbcTemplate               : SQLWarning ignored: SQL state '00000', error code '0', message [truncando además la tabla «payments»]
2026-07-03T02:39:07.597-05:00 DEBUG 9644 --- [ecommerce-backend] [           main] o.s.jdbc.core.JdbcTemplate               : SQLWarning ignored: SQL state '00000', error code '0', message [truncando además la tabla «shipments»]
2026-07-03T02:39:07.597-05:00 DEBUG 9644 --- [ecommerce-backend] [           main] o.s.jdbc.core.JdbcTemplate               : SQLWarning ignored: SQL state '00000', error code '0', message [truncando además la tabla «shipment_tracking»]
2026-07-03T02:39:07.598-05:00 DEBUG 9644 --- [ecommerce-backend] [           main] org.hibernate.SQL                        : 
    select
        r1_0.id,
        r1_0.name 
    from
        roles r1_0 
    where
        r1_0.name=?
2026-07-03T02:39:07.600-05:00 DEBUG 9644 --- [ecommerce-backend] [           main] org.hibernate.SQL                        : 
    select
        r1_0.id,
        r1_0.name 
    from
        roles r1_0 
    where
        r1_0.name=?
2026-07-03T02:39:07.603-05:00 DEBUG 9644 --- [ecommerce-backend] [           main] org.hibernate.SQL                        : 
    select
        r1_0.id,
        r1_0.name 
    from
        roles r1_0 
    where
        r1_0.name=?
2026-07-03T02:39:07.605-05:00 DEBUG 9644 --- [ecommerce-backend] [           main] org.hibernate.SQL                        : 
    insert 
    into
        users
        (active, created_at, deleted_at, email, first_name, last_name, password_hash, phone, updated_at) 
    values
        (?, ?, ?, ?, ?, ?, ?, ?, ?) 
    returning id
2026-07-03T02:39:07.608-05:00 DEBUG 9644 --- [ecommerce-backend] [           main] org.hibernate.SQL                        : 
    insert 
    into
        user_roles
        (user_id, role_id) 
    values
        (?, ?)
]]></system-out>
  </testcase>
  <testcase name="testAdminEndpointsAccess_AsAnonymous" classname="com.ecommerce.SecurityRoleIntegrationTest" time="0.147">
    <system-out><![CDATA[2026-07-03T02:39:07.621-05:00 DEBUG 9644 --- [ecommerce-backend] [           main] o.s.jdbc.core.JdbcTemplate               : Executing SQL statement [TRUNCATE TABLE users, products, categories, audit_logs CASCADE;]
2026-07-03T02:39:07.757-05:00 DEBUG 9644 --- [ecommerce-backend] [           main] o.s.jdbc.core.JdbcTemplate               : SQLWarning ignored: SQL state '00000', error code '0', message [truncando además la tabla «user_roles»]
2026-07-03T02:39:07.757-05:00 DEBUG 9644 --- [ecommerce-backend] [           main] o.s.jdbc.core.JdbcTemplate               : SQLWarning ignored: SQL state '00000', error code '0', message [truncando además la tabla «refresh_tokens»]
2026-07-03T02:39:07.757-05:00 DEBUG 9644 --- [ecommerce-backend] [           main] o.s.jdbc.core.JdbcTemplate               : SQLWarning ignored: SQL state '00000', error code '0', message [truncando además la tabla «password_reset_tokens»]
2026-07-03T02:39:07.757-05:00 DEBUG 9644 --- [ecommerce-backend] [           main] o.s.jdbc.core.JdbcTemplate               : SQLWarning ignored: SQL state '00000', error code '0', message [truncando además la tabla «addresses»]
2026-07-03T02:39:07.757-05:00 DEBUG 9644 --- [ecommerce-backend] [           main] o.s.jdbc.core.JdbcTemplate               : SQLWarning ignored: SQL state '00000', error code '0', message [truncando además la tabla «product_categories»]
2026-07-03T02:39:07.757-05:00 DEBUG 9644 --- [ecommerce-backend] [           main] o.s.jdbc.core.JdbcTemplate               : SQLWarning ignored: SQL state '00000', error code '0', message [truncando además la tabla «product_images»]
2026-07-03T02:39:07.757-05:00 DEBUG 9644 --- [ecommerce-backend] [           main] o.s.jdbc.core.JdbcTemplate               : SQLWarning ignored: SQL state '00000', error code '0', message [truncando además la tabla «product_prices»]
2026-07-03T02:39:07.757-05:00 DEBUG 9644 --- [ecommerce-backend] [           main] o.s.jdbc.core.JdbcTemplate               : SQLWarning ignored: SQL state '00000', error code '0', message [truncando además la tabla «inventory»]
2026-07-03T02:39:07.757-05:00 DEBUG 9644 --- [ecommerce-backend] [           main] o.s.jdbc.core.JdbcTemplate               : SQLWarning ignored: SQL state '00000', error code '0', message [truncando además la tabla «carts»]
2026-07-03T02:39:07.757-05:00 DEBUG 9644 --- [ecommerce-backend] [           main] o.s.jdbc.core.JdbcTemplate               : SQLWarning ignored: SQL state '00000', error code '0', message [truncando además la tabla «cart_items»]
2026-07-03T02:39:07.757-05:00 DEBUG 9644 --- [ecommerce-backend] [           main] o.s.jdbc.core.JdbcTemplate               : SQLWarning ignored: SQL state '00000', error code '0', message [truncando además la tabla «orders»]
2026-07-03T02:39:07.757-05:00 DEBUG 9644 --- [ecommerce-backend] [           main] o.s.jdbc.core.JdbcTemplate               : SQLWarning ignored: SQL state '00000', error code '0', message [truncando además la tabla «order_items»]
2026-07-03T02:39:07.757-05:00 DEBUG 9644 --- [ecommerce-backend] [           main] o.s.jdbc.core.JdbcTemplate               : SQLWarning ignored: SQL state '00000', error code '0', message [truncando además la tabla «order_status_history»]
2026-07-03T02:39:07.757-05:00 DEBUG 9644 --- [ecommerce-backend] [           main] o.s.jdbc.core.JdbcTemplate               : SQLWarning ignored: SQL state '00000', error code '0', message [truncando además la tabla «coupon_redemptions»]
2026-07-03T02:39:07.757-05:00 DEBUG 9644 --- [ecommerce-backend] [           main] o.s.jdbc.core.JdbcTemplate               : SQLWarning ignored: SQL state '00000', error code '0', message [truncando además la tabla «wishlists»]
2026-07-03T02:39:07.757-05:00 DEBUG 9644 --- [ecommerce-backend] [           main] o.s.jdbc.core.JdbcTemplate               : SQLWarning ignored: SQL state '00000', error code '0', message [truncando además la tabla «wishlist_items»]
2026-07-03T02:39:07.757-05:00 DEBUG 9644 --- [ecommerce-backend] [           main] o.s.jdbc.core.JdbcTemplate               : SQLWarning ignored: SQL state '00000', error code '0', message [truncando además la tabla «notifications»]
2026-07-03T02:39:07.757-05:00 DEBUG 9644 --- [ecommerce-backend] [           main] o.s.jdbc.core.JdbcTemplate               : SQLWarning ignored: SQL state '00000', error code '0', message [truncando además la tabla «order_shipping_address»]
2026-07-03T02:39:07.757-05:00 DEBUG 9644 --- [ecommerce-backend] [           main] o.s.jdbc.core.JdbcTemplate               : SQLWarning ignored: SQL state '00000', error code '0', message [truncando además la tabla «payments»]
2026-07-03T02:39:07.757-05:00 DEBUG 9644 --- [ecommerce-backend] [           main] o.s.jdbc.core.JdbcTemplate               : SQLWarning ignored: SQL state '00000', error code '0', message [truncando además la tabla «shipments»]
2026-07-03T02:39:07.757-05:00 DEBUG 9644 --- [ecommerce-backend] [           main] o.s.jdbc.core.JdbcTemplate               : SQLWarning ignored: SQL state '00000', error code '0', message [truncando además la tabla «shipment_tracking»]
2026-07-03T02:39:07.758-05:00 DEBUG 9644 --- [ecommerce-backend] [           main] org.hibernate.SQL                        : 
    select
        r1_0.id,
        r1_0.name 
    from
        roles r1_0 
    where
        r1_0.name=?
2026-07-03T02:39:07.760-05:00 DEBUG 9644 --- [ecommerce-backend] [           main] org.hibernate.SQL                        : 
    select
        r1_0.id,
        r1_0.name 
    from
        roles r1_0 
    where
        r1_0.name=?
]]></system-out>
  </testcase>
  <testcase name="testAdminEndpointsAccess_AsAdmin" classname="com.ecommerce.SecurityRoleIntegrationTest" time="0.221">
    <system-out><![CDATA[2026-07-03T02:39:07.770-05:00 DEBUG 9644 --- [ecommerce-backend] [           main] o.s.jdbc.core.JdbcTemplate               : Executing SQL statement [TRUNCATE TABLE users, products, categories, audit_logs CASCADE;]
2026-07-03T02:39:07.905-05:00 DEBUG 9644 --- [ecommerce-backend] [           main] o.s.jdbc.core.JdbcTemplate               : SQLWarning ignored: SQL state '00000', error code '0', message [truncando además la tabla «user_roles»]
2026-07-03T02:39:07.905-05:00 DEBUG 9644 --- [ecommerce-backend] [           main] o.s.jdbc.core.JdbcTemplate               : SQLWarning ignored: SQL state '00000', error code '0', message [truncando además la tabla «refresh_tokens»]
2026-07-03T02:39:07.905-05:00 DEBUG 9644 --- [ecommerce-backend] [           main] o.s.jdbc.core.JdbcTemplate               : SQLWarning ignored: SQL state '00000', error code '0', message [truncando además la tabla «password_reset_tokens»]
2026-07-03T02:39:07.905-05:00 DEBUG 9644 --- [ecommerce-backend] [           main] o.s.jdbc.core.JdbcTemplate               : SQLWarning ignored: SQL state '00000', error code '0', message [truncando además la tabla «addresses»]
2026-07-03T02:39:07.905-05:00 DEBUG 9644 --- [ecommerce-backend] [           main] o.s.jdbc.core.JdbcTemplate               : SQLWarning ignored: SQL state '00000', error code '0', message [truncando además la tabla «product_categories»]
2026-07-03T02:39:07.905-05:00 DEBUG 9644 --- [ecommerce-backend] [           main] o.s.jdbc.core.JdbcTemplate               : SQLWarning ignored: SQL state '00000', error code '0', message [truncando además la tabla «product_images»]
2026-07-03T02:39:07.905-05:00 DEBUG 9644 --- [ecommerce-backend] [           main] o.s.jdbc.core.JdbcTemplate               : SQLWarning ignored: SQL state '00000', error code '0', message [truncando además la tabla «product_prices»]
2026-07-03T02:39:07.905-05:00 DEBUG 9644 --- [ecommerce-backend] [           main] o.s.jdbc.core.JdbcTemplate               : SQLWarning ignored: SQL state '00000', error code '0', message [truncando además la tabla «inventory»]
2026-07-03T02:39:07.905-05:00 DEBUG 9644 --- [ecommerce-backend] [           main] o.s.jdbc.core.JdbcTemplate               : SQLWarning ignored: SQL state '00000', error code '0', message [truncando además la tabla «carts»]
2026-07-03T02:39:07.905-05:00 DEBUG 9644 --- [ecommerce-backend] [           main] o.s.jdbc.core.JdbcTemplate               : SQLWarning ignored: SQL state '00000', error code '0', message [truncando además la tabla «cart_items»]
2026-07-03T02:39:07.905-05:00 DEBUG 9644 --- [ecommerce-backend] [           main] o.s.jdbc.core.JdbcTemplate               : SQLWarning ignored: SQL state '00000', error code '0', message [truncando además la tabla «orders»]
2026-07-03T02:39:07.905-05:00 DEBUG 9644 --- [ecommerce-backend] [           main] o.s.jdbc.core.JdbcTemplate               : SQLWarning ignored: SQL state '00000', error code '0', message [truncando además la tabla «order_items»]
2026-07-03T02:39:07.906-05:00 DEBUG 9644 --- [ecommerce-backend] [           main] o.s.jdbc.core.JdbcTemplate               : SQLWarning ignored: SQL state '00000', error code '0', message [truncando además la tabla «order_status_history»]
2026-07-03T02:39:07.906-05:00 DEBUG 9644 --- [ecommerce-backend] [           main] o.s.jdbc.core.JdbcTemplate               : SQLWarning ignored: SQL state '00000', error code '0', message [truncando además la tabla «coupon_redemptions»]
2026-07-03T02:39:07.906-05:00 DEBUG 9644 --- [ecommerce-backend] [           main] o.s.jdbc.core.JdbcTemplate               : SQLWarning ignored: SQL state '00000', error code '0', message [truncando además la tabla «wishlists»]
2026-07-03T02:39:07.906-05:00 DEBUG 9644 --- [ecommerce-backend] [           main] o.s.jdbc.core.JdbcTemplate               : SQLWarning ignored: SQL state '00000', error code '0', message [truncando además la tabla «wishlist_items»]
2026-07-03T02:39:07.906-05:00 DEBUG 9644 --- [ecommerce-backend] [           main] o.s.jdbc.core.JdbcTemplate               : SQLWarning ignored: SQL state '00000', error code '0', message [truncando además la tabla «notifications»]
2026-07-03T02:39:07.906-05:00 DEBUG 9644 --- [ecommerce-backend] [           main] o.s.jdbc.core.JdbcTemplate               : SQLWarning ignored: SQL state '00000', error code '0', message [truncando además la tabla «order_shipping_address»]
2026-07-03T02:39:07.906-05:00 DEBUG 9644 --- [ecommerce-backend] [           main] o.s.jdbc.core.JdbcTemplate               : SQLWarning ignored: SQL state '00000', error code '0', message [truncando además la tabla «payments»]
2026-07-03T02:39:07.906-05:00 DEBUG 9644 --- [ecommerce-backend] [           main] o.s.jdbc.core.JdbcTemplate               : SQLWarning ignored: SQL state '00000', error code '0', message [truncando además la tabla «shipments»]
2026-07-03T02:39:07.906-05:00 DEBUG 9644 --- [ecommerce-backend] [           main] o.s.jdbc.core.JdbcTemplate               : SQLWarning ignored: SQL state '00000', error code '0', message [truncando además la tabla «shipment_tracking»]
2026-07-03T02:39:07.907-05:00 DEBUG 9644 --- [ecommerce-backend] [           main] org.hibernate.SQL                        : 
    select
        r1_0.id,
        r1_0.name 
    from
        roles r1_0 
    where
        r1_0.name=?
2026-07-03T02:39:07.909-05:00 DEBUG 9644 --- [ecommerce-backend] [           main] org.hibernate.SQL                        : 
    select
        r1_0.id,
        r1_0.name 
    from
        roles r1_0 
    where
        r1_0.name=?
2026-07-03T02:39:07.911-05:00 DEBUG 9644 --- [ecommerce-backend] [           main] org.hibernate.SQL                        : 
    select
        r1_0.id,
        r1_0.name 
    from
        roles r1_0 
    where
        r1_0.name=?
2026-07-03T02:39:07.912-05:00 DEBUG 9644 --- [ecommerce-backend] [           main] org.hibernate.SQL                        : 
    insert 
    into
        users
        (active, created_at, deleted_at, email, first_name, last_name, password_hash, phone, updated_at) 
    values
        (?, ?, ?, ?, ?, ?, ?, ?, ?) 
    returning id
2026-07-03T02:39:07.916-05:00 DEBUG 9644 --- [ecommerce-backend] [           main] org.hibernate.SQL                        : 
    insert 
    into
        user_roles
        (user_id, role_id) 
    values
        (?, ?)
2026-07-03T02:39:07.921-05:00 DEBUG 9644 --- [ecommerce-backend] [           main] s.w.s.m.m.a.RequestMappingHandlerMapping : Mapped to com.ecommerce.order.controller.AdminOrderController#listAll(Pageable)
2026-07-03T02:39:07.963-05:00 DEBUG 9644 --- [ecommerce-backend] [           main] org.hibernate.SQL                        : 
    select
        o1_0.id,
        o1_0.created_at,
        o1_0.discount_amount,
        o1_0.order_number,
        o1_0.shipping_cost,
        o1_0.status,
        o1_0.subtotal,
        o1_0.total,
        o1_0.updated_at,
        o1_0.user_id 
    from
        orders o1_0 
    offset
        ? rows 
    fetch
        first ? rows only
2026-07-03T02:39:07.968-05:00 DEBUG 9644 --- [ecommerce-backend] [           main] o.s.w.s.m.m.a.HttpEntityMethodProcessor  : Using 'application/json', given [*/*] and supported [application/json, application/*+json]
2026-07-03T02:39:07.969-05:00 DEBUG 9644 --- [ecommerce-backend] [           main] o.s.w.s.m.m.a.HttpEntityMethodProcessor  : Writing [ApiResponse(success=true, message=null, data=Page 1 of 0 containing UNKNOWN instances, errors=null,  (truncated)...]
2026-07-03T02:39:07.972-05:00 DEBUG 9644 --- [ecommerce-backend] [           main] s.w.s.m.m.a.RequestMappingHandlerMapping : Mapped to com.ecommerce.audit.controller.AdminAuditController#listAll()
2026-07-03T02:39:07.976-05:00 DEBUG 9644 --- [ecommerce-backend] [           main] org.hibernate.SQL                        : 
    select
        al1_0.id,
        al1_0.action,
        al1_0.created_at,
        al1_0.entity,
        al1_0.entity_id,
        al1_0.ip_address,
        al1_0.new_value,
        al1_0.old_value,
        al1_0.user_id 
    from
        audit_logs al1_0 
    order by
        al1_0.created_at desc
2026-07-03T02:39:07.982-05:00 DEBUG 9644 --- [ecommerce-backend] [           main] o.s.w.s.m.m.a.HttpEntityMethodProcessor  : Using 'application/json', given [*/*] and supported [application/json, application/*+json]
2026-07-03T02:39:07.982-05:00 DEBUG 9644 --- [ecommerce-backend] [           main] o.s.w.s.m.m.a.HttpEntityMethodProcessor  : Writing [ApiResponse(success=true, message=null, data=[], errors=null, timestamp=2026-07-03T02:39:07.98151250 (truncated)...]
]]></system-out>
  </testcase>
  <testcase name="testClientEndpointsAccess_AsClient" classname="com.ecommerce.SecurityRoleIntegrationTest" time="0.243">
    <system-out><![CDATA[2026-07-03T02:39:07.993-05:00 DEBUG 9644 --- [ecommerce-backend] [           main] o.s.jdbc.core.JdbcTemplate               : Executing SQL statement [TRUNCATE TABLE users, products, categories, audit_logs CASCADE;]
2026-07-03T02:39:08.183-05:00 DEBUG 9644 --- [ecommerce-backend] [           main] o.s.jdbc.core.JdbcTemplate               : SQLWarning ignored: SQL state '00000', error code '0', message [truncando además la tabla «user_roles»]
2026-07-03T02:39:08.183-05:00 DEBUG 9644 --- [ecommerce-backend] [           main] o.s.jdbc.core.JdbcTemplate               : SQLWarning ignored: SQL state '00000', error code '0', message [truncando además la tabla «refresh_tokens»]
2026-07-03T02:39:08.184-05:00 DEBUG 9644 --- [ecommerce-backend] [           main] o.s.jdbc.core.JdbcTemplate               : SQLWarning ignored: SQL state '00000', error code '0', message [truncando además la tabla «password_reset_tokens»]
2026-07-03T02:39:08.184-05:00 DEBUG 9644 --- [ecommerce-backend] [           main] o.s.jdbc.core.JdbcTemplate               : SQLWarning ignored: SQL state '00000', error code '0', message [truncando además la tabla «addresses»]
2026-07-03T02:39:08.184-05:00 DEBUG 9644 --- [ecommerce-backend] [           main] o.s.jdbc.core.JdbcTemplate               : SQLWarning ignored: SQL state '00000', error code '0', message [truncando además la tabla «product_categories»]
2026-07-03T02:39:08.184-05:00 DEBUG 9644 --- [ecommerce-backend] [           main] o.s.jdbc.core.JdbcTemplate               : SQLWarning ignored: SQL state '00000', error code '0', message [truncando además la tabla «product_images»]
2026-07-03T02:39:08.184-05:00 DEBUG 9644 --- [ecommerce-backend] [           main] o.s.jdbc.core.JdbcTemplate               : SQLWarning ignored: SQL state '00000', error code '0', message [truncando además la tabla «product_prices»]
2026-07-03T02:39:08.184-05:00 DEBUG 9644 --- [ecommerce-backend] [           main] o.s.jdbc.core.JdbcTemplate               : SQLWarning ignored: SQL state '00000', error code '0', message [truncando además la tabla «inventory»]
2026-07-03T02:39:08.184-05:00 DEBUG 9644 --- [ecommerce-backend] [           main] o.s.jdbc.core.JdbcTemplate               : SQLWarning ignored: SQL state '00000', error code '0', message [truncando además la tabla «carts»]
2026-07-03T02:39:08.184-05:00 DEBUG 9644 --- [ecommerce-backend] [           main] o.s.jdbc.core.JdbcTemplate               : SQLWarning ignored: SQL state '00000', error code '0', message [truncando además la tabla «cart_items»]
2026-07-03T02:39:08.184-05:00 DEBUG 9644 --- [ecommerce-backend] [           main] o.s.jdbc.core.JdbcTemplate               : SQLWarning ignored: SQL state '00000', error code '0', message [truncando además la tabla «orders»]
2026-07-03T02:39:08.184-05:00 DEBUG 9644 --- [ecommerce-backend] [           main] o.s.jdbc.core.JdbcTemplate               : SQLWarning ignored: SQL state '00000', error code '0', message [truncando además la tabla «order_items»]
2026-07-03T02:39:08.184-05:00 DEBUG 9644 --- [ecommerce-backend] [           main] o.s.jdbc.core.JdbcTemplate               : SQLWarning ignored: SQL state '00000', error code '0', message [truncando además la tabla «order_status_history»]
2026-07-03T02:39:08.184-05:00 DEBUG 9644 --- [ecommerce-backend] [           main] o.s.jdbc.core.JdbcTemplate               : SQLWarning ignored: SQL state '00000', error code '0', message [truncando además la tabla «coupon_redemptions»]
2026-07-03T02:39:08.184-05:00 DEBUG 9644 --- [ecommerce-backend] [           main] o.s.jdbc.core.JdbcTemplate               : SQLWarning ignored: SQL state '00000', error code '0', message [truncando además la tabla «wishlists»]
2026-07-03T02:39:08.184-05:00 DEBUG 9644 --- [ecommerce-backend] [           main] o.s.jdbc.core.JdbcTemplate               : SQLWarning ignored: SQL state '00000', error code '0', message [truncando además la tabla «wishlist_items»]
2026-07-03T02:39:08.184-05:00 DEBUG 9644 --- [ecommerce-backend] [           main] o.s.jdbc.core.JdbcTemplate               : SQLWarning ignored: SQL state '00000', error code '0', message [truncando además la tabla «notifications»]
2026-07-03T02:39:08.184-05:00 DEBUG 9644 --- [ecommerce-backend] [           main] o.s.jdbc.core.JdbcTemplate               : SQLWarning ignored: SQL state '00000', error code '0', message [truncando además la tabla «order_shipping_address»]
2026-07-03T02:39:08.184-05:00 DEBUG 9644 --- [ecommerce-backend] [           main] o.s.jdbc.core.JdbcTemplate               : SQLWarning ignored: SQL state '00000', error code '0', message [truncando además la tabla «payments»]
2026-07-03T02:39:08.184-05:00 DEBUG 9644 --- [ecommerce-backend] [           main] o.s.jdbc.core.JdbcTemplate               : SQLWarning ignored: SQL state '00000', error code '0', message [truncando además la tabla «shipments»]
2026-07-03T02:39:08.184-05:00 DEBUG 9644 --- [ecommerce-backend] [           main] o.s.jdbc.core.JdbcTemplate               : SQLWarning ignored: SQL state '00000', error code '0', message [truncando además la tabla «shipment_tracking»]
2026-07-03T02:39:08.188-05:00 DEBUG 9644 --- [ecommerce-backend] [           main] org.hibernate.SQL                        : 
    select
        r1_0.id,
        r1_0.name 
    from
        roles r1_0 
    where
        r1_0.name=?
2026-07-03T02:39:08.191-05:00 DEBUG 9644 --- [ecommerce-backend] [           main] org.hibernate.SQL                        : 
    select
        r1_0.id,
        r1_0.name 
    from
        roles r1_0 
    where
        r1_0.name=?
2026-07-03T02:39:08.194-05:00 DEBUG 9644 --- [ecommerce-backend] [           main] org.hibernate.SQL                        : 
    select
        r1_0.id,
        r1_0.name 
    from
        roles r1_0 
    where
        r1_0.name=?
2026-07-03T02:39:08.196-05:00 DEBUG 9644 --- [ecommerce-backend] [           main] org.hibernate.SQL                        : 
    insert 
    into
        users
        (active, created_at, deleted_at, email, first_name, last_name, password_hash, phone, updated_at) 
    values
        (?, ?, ?, ?, ?, ?, ?, ?, ?) 
    returning id
2026-07-03T02:39:08.203-05:00 DEBUG 9644 --- [ecommerce-backend] [           main] org.hibernate.SQL                        : 
    insert 
    into
        user_roles
        (user_id, role_id) 
    values
        (?, ?)
2026-07-03T02:39:08.208-05:00 DEBUG 9644 --- [ecommerce-backend] [           main] s.w.s.m.m.a.RequestMappingHandlerMapping : Mapped to com.ecommerce.cart.controller.CartController#getCart(User)
2026-07-03T02:39:08.210-05:00 DEBUG 9644 --- [ecommerce-backend] [           main] org.hibernate.SQL                        : 
    select
        c1_0.id,
        c1_0.created_at,
        c1_0.updated_at,
        c1_0.user_id 
    from
        carts c1_0 
    where
        c1_0.user_id=?
2026-07-03T02:39:08.215-05:00 DEBUG 9644 --- [ecommerce-backend] [           main] org.hibernate.SQL                        : 
    insert 
    into
        carts
        (created_at, updated_at, user_id) 
    values
        (?, ?, ?) 
    returning id
2026-07-03T02:39:08.218-05:00 DEBUG 9644 --- [ecommerce-backend] [           main] o.s.w.s.m.m.a.HttpEntityMethodProcessor  : Using 'application/json', given [*/*] and supported [application/json, application/*+json]
2026-07-03T02:39:08.219-05:00 DEBUG 9644 --- [ecommerce-backend] [           main] o.s.w.s.m.m.a.HttpEntityMethodProcessor  : Writing [ApiResponse(success=true, message=null, data=CartResponse(id=16, items=[], total=0), errors=null, ti (truncated)...]
2026-07-03T02:39:08.221-05:00 DEBUG 9644 --- [ecommerce-backend] [           main] s.w.s.m.m.a.RequestMappingHandlerMapping : Mapped to com.ecommerce.wishlist.controller.WishlistController#get(User)
2026-07-03T02:39:08.223-05:00 DEBUG 9644 --- [ecommerce-backend] [           main] org.hibernate.SQL                        : 
    select
        w1_0.id,
        w1_0.created_at,
        w1_0.user_id 
    from
        wishlists w1_0 
    where
        w1_0.user_id=?
2026-07-03T02:39:08.227-05:00 DEBUG 9644 --- [ecommerce-backend] [           main] org.hibernate.SQL                        : 
    insert 
    into
        wishlists
        (created_at, user_id) 
    values
        (?, ?) 
    returning id
2026-07-03T02:39:08.230-05:00 DEBUG 9644 --- [ecommerce-backend] [           main] o.s.w.s.m.m.a.HttpEntityMethodProcessor  : Using 'application/json', given [*/*] and supported [application/json, application/*+json]
2026-07-03T02:39:08.231-05:00 DEBUG 9644 --- [ecommerce-backend] [           main] o.s.w.s.m.m.a.HttpEntityMethodProcessor  : Writing [ApiResponse(success=true, message=null, data=WishlistResponse(id=7, productIds=[]), errors=null, tim (truncated)...]
]]></system-out>
  </testcase>
</testsuite>